# JRE version: OpenJDK Runtime Environment Temurin-17.0.13+11 (17.0.13+11) (build 17.0.13+11)
# Java VM: OpenJDK 64-Bit Server VM Temurin-17.0.13+11 (17.0.13+11, mixed mode, tiered, compressed oops, compressed class ptrs, g1 gc, windows-amd64)
GC Precious Log:
 CPUs: 8 total, 8 available
 Memory: 7932M
 Large Page Support: Disabled
 NUMA Support: Disabled
 Compressed Oops: Enabled (32-bit)
 Heap Region Size: 1M
 Heap Min Capacity: 8M
 Heap Initial Capacity: 124M
 Heap Max Capacity: 2G
 Pre-touch: Disabled
 Parallel Workers: 8
 Concurrent Workers: 2
 Concurrent Refinement Workers: 8
 Periodic GC: Disabled
Heap:
 garbage-first heap   total 129024K, used 88252K [0x0000000080000000, 0x0000000100000000)
  region size 1024K, 55 young (56320K), 7 survivors (7168K)
 Metaspace       used 49332K, committed 49920K, reserved 1114112K
  class space    used 5642K, committed 5888K, reserved 1048576K
GC Heap History (20 events):
Event: 2.547 GC heap before
{Heap before GC invocations=2 (full 0):
 garbage-first heap   total 126976K, used 60772K [0x0000000080000000, 0x0000000100000000)
  region size 1024K, 42 young (43008K), 2 survivors (2048K)
 Metaspace       used 17913K, committed 18112K, reserved 1114112K
  class space    used 1677K, committed 1792K, reserved 1048576K
}
Event: 2.563 GC heap after
{Heap after GC invocations=3 (full 0):
 garbage-first heap   total 126976K, used 23649K [0x0000000080000000, 0x0000000100000000)
  region size 1024K, 6 young (6144K), 6 survivors (6144K)
 Metaspace       used 17913K, committed 18112K, reserved 1114112K
  class space    used 1677K, committed 1792K, reserved 1048576K
}
Event: 3.512 GC heap before
{Heap before GC invocations=3 (full 0):
 garbage-first heap   total 126976K, used 44129K [0x0000000080000000, 0x0000000100000000)
  region size 1024K, 27 young (27648K), 6 survivors (6144K)
 Metaspace       used 21336K, committed 21504K, reserved 1114112K
  class space    used 2210K, committed 2304K, reserved 1048576K
}
Event: 3.524 GC heap after
{Heap after GC invocations=4 (full 0):
 garbage-first heap   total 126976K, used 24574K [0x0000000080000000, 0x0000000100000000)
  region size 1024K, 5 young (5120K), 5 survivors (5120K)
 Metaspace       used 21336K, committed 21504K, reserved 1114112K
  class space    used 2210K, committed 2304K, reserved 1048576K
}
Event: 4.035 GC heap before
{Heap before GC invocations=5 (full 0):
 garbage-first heap   total 89088K, used 69630K [0x0000000080000000, 0x0000000100000000)
  region size 1024K, 50 young (51200K), 5 survivors (5120K)
 Metaspace       used 22204K, committed 22464K, reserved 1114112K
  class space    used 2316K, committed 2432K, reserved 1048576K
}
Event: 4.045 GC heap after
{Heap after GC invocations=6 (full 0):
 garbage-first heap   total 89088K, used 25691K [0x0000000080000000, 0x0000000100000000)
  region size 1024K, 3 young (3072K), 3 survivors (3072K)
 Metaspace       used 22204K, committed 22464K, reserved 1114112K
  class space    used 2316K, committed 2432K, reserved 1048576K
}
Event: 4.820 GC heap before
{Heap before GC invocations=6 (full 0):
 garbage-first heap   total 89088K, used 61531K [0x0000000080000000, 0x0000000100000000)
  region size 1024K, 38 young (38912K), 3 survivors (3072K)
 Metaspace       used 26626K, committed 26880K, reserved 1114112K
  class space    used 2770K, committed 2880K, reserved 1048576K
}
Event: 4.833 GC heap after
{Heap after GC invocations=7 (full 0):
 garbage-first heap   total 107520K, used 28606K [0x0000000080000000, 0x0000000100000000)
  region size 1024K, 5 young (5120K), 5 survivors (5120K)
 Metaspace       used 26626K, committed 26880K, reserved 1114112K
  class space    used 2770K, committed 2880K, reserved 1048576K
}
Event: 5.449 GC heap before
{Heap before GC invocations=7 (full 0):
 garbage-first heap   total 107520K, used 79806K [0x0000000080000000, 0x0000000100000000)
  region size 1024K, 53 young (54272K), 5 survivors (5120K)
 Metaspace       used 30226K, committed 30528K, reserved 1114112K
  class space    used 3117K, committed 3264K, reserved 1048576K
}
Event: 5.458 GC heap after
{Heap after GC invocations=8 (full 0):
 garbage-first heap   total 107520K, used 30417K [0x0000000080000000, 0x0000000100000000)
  region size 1024K, 5 young (5120K), 5 survivors (5120K)
 Metaspace       used 30226K, committed 30528K, reserved 1114112K
  class space    used 3117K, committed 3264K, reserved 1048576K
}
Event: 5.993 GC heap before
{Heap before GC invocations=8 (full 0):
 garbage-first heap   total 107520K, used 80593K [0x0000000080000000, 0x0000000100000000)
  region size 1024K, 54 young (55296K), 5 survivors (5120K)
 Metaspace       used 32924K, committed 33344K, reserved 1114112K
  class space    used 3431K, committed 3648K, reserved 1048576K
}
Event: 6.000 GC heap after
{Heap after GC invocations=9 (full 0):
 garbage-first heap   total 107520K, used 31259K [0x0000000080000000, 0x0000000100000000)
  region size 1024K, 3 young (3072K), 3 survivors (3072K)
 Metaspace       used 32924K, committed 33344K, reserved 1114112K
  class space    used 3431K, committed 3648K, reserved 1048576K
}
Event: 6.651 GC heap before
{Heap before GC invocations=9 (full 0):
 garbage-first heap   total 107520K, used 82459K [0x0000000080000000, 0x0000000100000000)
  region size 1024K, 53 young (54272K), 3 survivors (3072K)
 Metaspace       used 34345K, committed 34752K, reserved 1114112K
  class space    used 3527K, committed 3712K, reserved 1048576K
}
Event: 6.662 GC heap after
{Heap after GC invocations=10 (full 0):
 garbage-first heap   total 107520K, used 33436K [0x0000000080000000, 0x0000000100000000)
  region size 1024K, 5 young (5120K), 5 survivors (5120K)
 Metaspace       used 34345K, committed 34752K, reserved 1114112K
  class space    used 3527K, committed 3712K, reserved 1048576K
}
Event: 7.263 GC heap before
{Heap before GC invocations=10 (full 0):
 garbage-first heap   total 107520K, used 83612K [0x0000000080000000, 0x0000000100000000)
  region size 1024K, 54 young (55296K), 5 survivors (5120K)
 Metaspace       used 35298K, committed 35776K, reserved 1114112K
  class space    used 3608K, committed 3840K, reserved 1048576K
}
Event: 7.281 GC heap after
{Heap after GC invocations=11 (full 0):
 garbage-first heap   total 129024K, used 36929K [0x0000000080000000, 0x0000000100000000)
  region size 1024K, 7 young (7168K), 7 survivors (7168K)
 Metaspace       used 35298K, committed 35776K, reserved 1114112K
  class space    used 3608K, committed 3840K, reserved 1048576K
}
Event: 7.474 GC heap before
{Heap before GC invocations=11 (full 0):
 garbage-first heap   total 129024K, used 44097K [0x0000000080000000, 0x0000000100000000)
  region size 1024K, 15 young (15360K), 7 survivors (7168K)
 Metaspace       used 35530K, committed 35968K, reserved 1114112K
  class space    used 3641K, committed 3840K, reserved 1048576K
}
Event: 7.483 GC heap after
{Heap after GC invocations=12 (full 0):
 garbage-first heap   total 129024K, used 36710K [0x0000000080000000, 0x0000000100000000)
  region size 1024K, 4 young (4096K), 4 survivors (4096K)
 Metaspace       used 35530K, committed 35968K, reserved 1114112K
  class space    used 3641K, committed 3840K, reserved 1048576K
}
Event: 11.239 GC heap before
{Heap before GC invocations=13 (full 0):
 garbage-first heap   total 129024K, used 103270K [0x0000000080000000, 0x0000000100000000)
  region size 1024K, 69 young (70656K), 4 survivors (4096K)
 Metaspace       used 46529K, committed 47104K, reserved 1114112K
  class space    used 5179K, committed 5440K, reserved 1048576K
}
Event: 11.246 GC heap after
{Heap after GC invocations=14 (full 0):
 garbage-first heap   total 129024K, used 40124K [0x0000000080000000, 0x0000000100000000)
  region size 1024K, 7 young (7168K), 7 survivors (7168K)
 Metaspace       used 46529K, committed 47104K, reserved 1114112K
  class space    used 5179K, committed 5440K, reserved 1048576K
}

